<?xml version="1.0" encoding="UTF-8"?>
<!-- Generated by org.testng.reporters.JUnitReportReporter -->
<testsuite hostname="ASN69" failures="0" tests="3" name="test.APITest" time="1.413" errors="0" timestamp="2022-12-13T02:08:29 EST" skipped="2">
  <testcase classname="test.APITest" name="getCallBodyValidation" time="1.413"/>
  <system-out/>
  <testcase classname="test.APITest" name="getCallStatusCodeValidationFail">
    <skipped/>
  </testcase> <!-- getCallStatusCodeValidationFail -->
  <system-out/>
  <testcase classname="test.APITest" name="getCallStatusCodeValidation">
    <skipped/>
  </testcase> <!-- getCallStatusCodeValidation -->
  <system-out/>
</testsuite> <!-- test.APITest -->
