<?xml version="1.0" encoding="UTF-8"?>
<!-- Generated by org.testng.reporters.JUnitReportReporter -->
<testsuite hostname="ASN69" failures="0" tests="5" name="api.test.PostApiTest" time="2.467" errors="0" timestamp="2022-12-14T01:46:51 EST" skipped="4">
  <testcase classname="api.test.PostApiTest" name="postPassengerTestWithMap" time="2.467"/>
  <system-out/>
  <testcase classname="api.test.PostApiTest" name="postPassengerTestWithFileAsInputStream">
    <skipped/>
  </testcase> <!-- postPassengerTestWithFileAsInputStream -->
  <system-out/>
  <testcase classname="api.test.PostApiTest" name="postPassengerPrettyPrintTest">
    <skipped/>
  </testcase> <!-- postPassengerPrettyPrintTest -->
  <system-out/>
  <testcase classname="api.test.PostApiTest" name="postPassengerTestWithFile">
    <skipped/>
  </testcase> <!-- postPassengerTestWithFile -->
  <system-out/>
  <testcase classname="api.test.PostApiTest" name="postPassengerTestWithFileAsByteArray">
    <skipped/>
  </testcase> <!-- postPassengerTestWithFileAsByteArray -->
  <system-out/>
</testsuite> <!-- api.test.PostApiTest -->
