<?xml version="1.0" encoding="UTF-8"?>
<!-- Generated by org.testng.reporters.JUnitReportReporter -->
<testsuite hostname="ASN69" failures="0" tests="5" name="api.test.GetApiTest" time="1.377" errors="0" timestamp="2022-12-14T00:27:28 EST" skipped="4">
  <testcase classname="api.test.GetApiTest" name="getCallComplexListValidationJsonPath" time="1.377"/>
  <system-out/>
  <testcase classname="api.test.GetApiTest" name="getCallListValidation">
    <skipped/>
  </testcase> <!-- getCallListValidation -->
  <system-out/>
  <testcase classname="api.test.GetApiTest" name="getCallStatusCodeValidation">
    <skipped/>
  </testcase> <!-- getCallStatusCodeValidation -->
  <system-out/>
  <testcase classname="api.test.GetApiTest" name="getCallStatusCodeValidationFail">
    <skipped/>
  </testcase> <!-- getCallStatusCodeValidationFail -->
  <system-out/>
  <testcase classname="api.test.GetApiTest" name="getCallBodyValidation">
    <skipped/>
  </testcase> <!-- getCallBodyValidation -->
  <system-out/>
</testsuite> <!-- api.test.GetApiTest -->
