<?xml version="1.0" encoding="UTF-8"?>
<!-- Generated by org.testng.reporters.JUnitReportReporter -->
<testsuite hostname="ASN69" failures="0" tests="1" name="api.testscripts.GetPassengerTest" time="1.703" errors="0" timestamp="2023-01-07T23:04:54 EST" skipped="0">
  <testcase classname="api.testscripts.GetPassengerTest" name="testGetPassenger" time="1.703"/>
  <system-out/>
</testsuite> <!-- api.testscripts.GetPassengerTest -->
