<?xml version="1.0" encoding="UTF-8"?>
<!-- Generated by org.testng.reporters.JUnitReportReporter -->
<testsuite hostname="ASN69" failures="0" tests="1" name="api.testscripts.GetUserTest" time="1.569" errors="0" timestamp="2023-01-07T23:07:35 EST" skipped="0">
  <testcase classname="api.testscripts.GetUserTest" name="getUsersTest" time="1.569"/>
  <system-out/>
</testsuite> <!-- api.testscripts.GetUserTest -->
